<?xml version="1.0" encoding="UTF-8"?>
<testsuite xmlns:xsi="http://www.w3.org/2001/XMLSchema-instance" xsi:noNamespaceSchemaLocation="https://maven.apache.org/surefire/maven-surefire-plugin/xsd/surefire-test-report.xsd" name="user.LoginUserTests" time="5.186" tests="3" errors="0" skipped="0" failures="0">
  <properties>
[...]
</properties>
  <testcase name="wrongPasswordLoginTest" classname="user.LoginUserTests" time="1.735"/>
  <testcase name="wrongEmailLoginTest" classname="user.LoginUserTests" time="1.687"/>
  <testcase name="existUserLoginTest" classname="user.LoginUserTests" time="1.762"/>
</testsuite>